23-12-2023 20:44:25.921 [main] INFO  c.product.ProductsServiceApplication.logStarting - Starting ProductsServiceApplication using Java 11.0.21 on WKMZT4B716B1.global.publicisgroupe.net with PID 21601 (/Users/rahgangw1/code/saga/ProductsService/target/classes started by rahgangw1 in /Users/rahgangw1/code/saga/ProductsService)
23-12-2023 20:44:25.922 [main] INFO  c.product.ProductsServiceApplication.logStartupProfileInfo - No active profile set, falling back to default profiles: default
23-12-2023 20:44:27.767 [main] INFO  com.zaxxer.hikari.HikariDataSource.getConnection - HikariPool-1 - Starting...
23-12-2023 20:44:28.090 [main] INFO  com.zaxxer.hikari.HikariDataSource.getConnection - HikariPool-1 - Start completed.
23-12-2023 20:44:32.133 [main] INFO  c.netflix.discovery.DiscoveryClient.<init> - Initializing Eureka in region us-east-1
23-12-2023 20:44:32.140 [main] INFO  c.n.d.s.r.aws.ConfigClusterResolver.getClusterEndpoints - Resolving eureka endpoints via configuration
23-12-2023 20:44:32.178 [main] INFO  c.netflix.discovery.DiscoveryClient.fetchRegistry - Disable delta property : false
23-12-2023 20:44:32.178 [main] INFO  c.netflix.discovery.DiscoveryClient.fetchRegistry - Single vip registry refresh property : null
23-12-2023 20:44:32.179 [main] INFO  c.netflix.discovery.DiscoveryClient.fetchRegistry - Force full registry fetch : false
23-12-2023 20:44:32.179 [main] INFO  c.netflix.discovery.DiscoveryClient.fetchRegistry - Application is null : false
23-12-2023 20:44:32.179 [main] INFO  c.netflix.discovery.DiscoveryClient.fetchRegistry - Registered Applications size is zero : true
23-12-2023 20:44:32.179 [main] INFO  c.netflix.discovery.DiscoveryClient.fetchRegistry - Application version is -1: true
23-12-2023 20:44:32.180 [main] INFO  c.netflix.discovery.DiscoveryClient.getAndStoreFullRegistry - Getting all instance registry info from the eureka server
23-12-2023 20:44:32.384 [main] INFO  c.netflix.discovery.DiscoveryClient.getAndStoreFullRegistry - The response status is 200
23-12-2023 20:44:32.388 [main] INFO  c.netflix.discovery.DiscoveryClient.initScheduledTasks - Starting heartbeat executor: renew interval is: 30
23-12-2023 20:44:32.390 [main] INFO  c.n.discovery.InstanceInfoReplicator.<init> - InstanceInfoReplicator onDemand update allowed rate per min is 4
23-12-2023 20:44:32.396 [main] INFO  c.netflix.discovery.DiscoveryClient.<init> - Discovery Client initialized at timestamp 1703344472395 with initial instances count: 1
23-12-2023 20:44:32.399 [main] INFO  c.netflix.discovery.DiscoveryClient.notify - Saw local status change event StatusChangeEvent [timestamp=1703344472398, current=UP, previous=STARTING]
23-12-2023 20:44:32.400 [DiscoveryClient-InstanceInfoReplicator-0] INFO  c.netflix.discovery.DiscoveryClient.register - DiscoveryClient_PRODUCTS-SERVICE/products-service:7ce3c4b3183db3e73ae9f330c438ab6e: registering service...
23-12-2023 20:44:32.415 [main] INFO  c.product.ProductsServiceApplication.logStarted - Started ProductsServiceApplication in 6.964 seconds (JVM running for 15.352)
23-12-2023 20:44:32.447 [DiscoveryClient-InstanceInfoReplicator-0] INFO  c.netflix.discovery.DiscoveryClient.register - DiscoveryClient_PRODUCTS-SERVICE/products-service:7ce3c4b3183db3e73ae9f330c438ab6e - registration status: 204
23-12-2023 21:03:21.822 [HikariPool-1 housekeeper] WARN  com.zaxxer.hikari.pool.HikariPool.run - HikariPool-1 - Thread starvation or clock leap detected (housekeeper delta=15m53s613ms).
23-12-2023 21:20:24.294 [HikariPool-1 housekeeper] WARN  com.zaxxer.hikari.pool.HikariPool.run - HikariPool-1 - Thread starvation or clock leap detected (housekeeper delta=16m32s469ms).
23-12-2023 21:36:49.236 [HikariPool-1 housekeeper] WARN  com.zaxxer.hikari.pool.HikariPool.run - HikariPool-1 - Thread starvation or clock leap detected (housekeeper delta=16m24s942ms).
23-12-2023 21:36:52.663 [AsyncResolver-bootstrap-executor-0] INFO  c.n.d.s.r.aws.ConfigClusterResolver.getClusterEndpoints - Resolving eureka endpoints via configuration
23-12-2023 21:40:06.445 [SpringContextShutdownHook] INFO  c.netflix.discovery.DiscoveryClient.notify - Saw local status change event StatusChangeEvent [timestamp=1703347806445, current=DOWN, previous=UP]
23-12-2023 21:40:06.445 [DiscoveryClient-InstanceInfoReplicator-0] INFO  c.netflix.discovery.DiscoveryClient.register - DiscoveryClient_PRODUCTS-SERVICE/products-service:7ce3c4b3183db3e73ae9f330c438ab6e: registering service...
23-12-2023 21:40:06.458 [DiscoveryClient-InstanceInfoReplicator-0] INFO  c.netflix.discovery.DiscoveryClient.register - DiscoveryClient_PRODUCTS-SERVICE/products-service:7ce3c4b3183db3e73ae9f330c438ab6e - registration status: 204
23-12-2023 21:40:06.551 [SpringContextShutdownHook] INFO  com.zaxxer.hikari.HikariDataSource.close - HikariPool-1 - Shutdown initiated...
23-12-2023 21:40:06.581 [SpringContextShutdownHook] INFO  com.zaxxer.hikari.HikariDataSource.close - HikariPool-1 - Shutdown completed.
23-12-2023 21:40:06.582 [SpringContextShutdownHook] INFO  c.netflix.discovery.DiscoveryClient.shutdown - Shutting down DiscoveryClient ...
23-12-2023 21:40:09.585 [SpringContextShutdownHook] INFO  c.netflix.discovery.DiscoveryClient.unregister - Unregistering ...
23-12-2023 21:40:09.591 [SpringContextShutdownHook] INFO  c.netflix.discovery.DiscoveryClient.unregister - DiscoveryClient_PRODUCTS-SERVICE/products-service:7ce3c4b3183db3e73ae9f330c438ab6e - deregister  status: 200
23-12-2023 21:40:09.596 [SpringContextShutdownHook] INFO  c.netflix.discovery.DiscoveryClient.shutdown - Completed shut down of DiscoveryClient
23-12-2023 21:40:17.773 [main] INFO  c.product.ProductsServiceApplication.logStarting - Starting ProductsServiceApplication using Java 11.0.21 on WKMZT4B716B1.global.publicisgroupe.net with PID 21998 (/Users/rahgangw1/code/saga/ProductsService/target/classes started by rahgangw1 in /Users/rahgangw1/code/saga/ProductsService)
23-12-2023 21:40:17.774 [main] INFO  c.product.ProductsServiceApplication.logStartupProfileInfo - No active profile set, falling back to default profiles: default
23-12-2023 21:40:24.505 [main] INFO  c.product.ProductsServiceApplication.logStarted - Started ProductsServiceApplication in 7.204 seconds (JVM running for 14.703)
23-12-2023 21:48:45.596 [main] INFO  c.product.ProductsServiceApplication.logStarting - Starting ProductsServiceApplication using Java 11.0.21 on WKMZT4B716B1.global.publicisgroupe.net with PID 22231 (/Users/rahgangw1/code/saga/ProductsService/target/classes started by rahgangw1 in /Users/rahgangw1/code/saga/ProductsService)
23-12-2023 21:48:45.599 [main] INFO  c.product.ProductsServiceApplication.logStartupProfileInfo - No active profile set, falling back to default profiles: default
23-12-2023 21:48:52.847 [main] INFO  c.product.ProductsServiceApplication.logStarted - Started ProductsServiceApplication in 7.827 seconds (JVM running for 19.478)
23-12-2023 21:50:00.159 [http-nio-auto-1-exec-1] INFO  c.p.c.ProductsCommandController.createProduct - ProductsCommandController.createProduct : CreateProductRestModel(title=first product, price=99, quantity=1)
23-12-2023 21:50:00.164 [http-nio-auto-1-exec-1] INFO  c.p.c.CreateProductCommandInterceptor.lambda$handle$0 - INTERCEPTOR: class com.product.command.CreateProductCommand
23-12-2023 21:51:18.396 [main] INFO  c.product.ProductsServiceApplication.logStarting - Starting ProductsServiceApplication using Java 11.0.21 on WKMZT4B716B1.global.publicisgroupe.net with PID 22316 (/Users/rahgangw1/code/saga/ProductsService/target/classes started by rahgangw1 in /Users/rahgangw1/code/saga/ProductsService)
23-12-2023 21:51:18.398 [main] INFO  c.product.ProductsServiceApplication.logStartupProfileInfo - No active profile set, falling back to default profiles: default
23-12-2023 21:51:25.154 [main] INFO  c.product.ProductsServiceApplication.logStarted - Started ProductsServiceApplication in 7.293 seconds (JVM running for 17.1)
23-12-2023 21:52:23.982 [http-nio-auto-1-exec-1] INFO  c.p.c.ProductsCommandController.createProduct - ProductsCommandController.createProduct : CreateProductRestModel(title=first product, price=99, quantity=1)
23-12-2023 21:52:23.987 [http-nio-auto-1-exec-1] INFO  c.p.c.CreateProductCommandInterceptor.lambda$handle$0 - INTERCEPTOR: class com.product.command.CreateProductCommand
23-12-2023 21:54:25.380 [http-nio-auto-1-exec-2] INFO  c.p.query.ProductsQueryController.getProducts - ProductsQueryController.getProducts
23-12-2023 21:54:25.490 [QueryProcessor-0] INFO  c.product.query.ProductsQueryHandler.findProducts - ProductsQueryHandler.findProducts : com.product.query.FindProductsQuery@79a49e28
23-12-2023 21:59:18.884 [main] INFO  c.product.ProductsServiceApplication.logStarting - Starting ProductsServiceApplication using Java 11.0.21 on WKMZT4B716B1.global.publicisgroupe.net with PID 22575 (/Users/rahgangw1/code/saga/ProductsService/target/classes started by rahgangw1 in /Users/rahgangw1/code/saga/ProductsService)
23-12-2023 21:59:18.885 [main] INFO  c.product.ProductsServiceApplication.logStartupProfileInfo - No active profile set, falling back to default profiles: default
23-12-2023 21:59:25.648 [main] INFO  c.product.ProductsServiceApplication.logStarted - Started ProductsServiceApplication in 7.286 seconds (JVM running for 17.944)
23-12-2023 22:00:00.847 [http-nio-auto-1-exec-1] INFO  c.p.query.ProductsQueryController.getProducts - CONTROLLER : Get product list
23-12-2023 22:00:00.940 [QueryProcessor-0] INFO  c.product.query.ProductsQueryHandler.findProducts - QUERY HANDLER: com.product.query.FindProductsQuery@455856dd
23-12-2023 22:01:09.839 [http-nio-auto-1-exec-3] INFO  c.p.query.ProductsQueryController.getProducts - CONTROLLER : Get product list
23-12-2023 22:01:09.845 [QueryProcessor-3] INFO  c.product.query.ProductsQueryHandler.findProducts - QUERY HANDLER: com.product.query.FindProductsQuery@2b3a6fc
23-12-2023 22:01:11.071 [http-nio-auto-1-exec-4] INFO  c.p.query.ProductsQueryController.getProducts - CONTROLLER : Get product list
23-12-2023 22:01:11.077 [QueryProcessor-6] INFO  c.product.query.ProductsQueryHandler.findProducts - QUERY HANDLER: com.product.query.FindProductsQuery@42683199
23-12-2023 22:01:11.795 [http-nio-auto-1-exec-5] INFO  c.p.query.ProductsQueryController.getProducts - CONTROLLER : Get product list
23-12-2023 22:01:11.801 [QueryProcessor-9] INFO  c.product.query.ProductsQueryHandler.findProducts - QUERY HANDLER: com.product.query.FindProductsQuery@7f30523e
23-12-2023 22:16:02.998 [main] INFO  com.order.OrdersServiceApplication.logStarting - Starting OrdersServiceApplication using Java 11.0.21 on WKMZT4B716B1.global.publicisgroupe.net with PID 23040 (/Users/rahgangw1/code/saga/OrdersService/target/classes started by rahgangw1 in /Users/rahgangw1/code/saga/OrdersService)
23-12-2023 22:16:02.999 [main] INFO  com.order.OrdersServiceApplication.logStartupProfileInfo - No active profile set, falling back to default profiles: default
23-12-2023 22:16:10.091 [main] INFO  com.order.OrdersServiceApplication.logStarted - Started OrdersServiceApplication in 7.579 seconds (JVM running for 17.126)
23-12-2023 22:16:19.225 [http-nio-auto-1-exec-7] INFO  c.p.query.ProductsQueryController.getProducts - CONTROLLER : Get product list
23-12-2023 22:16:19.235 [QueryProcessor-1] INFO  c.product.query.ProductsQueryHandler.findProducts - QUERY HANDLER: com.product.query.FindProductsQuery@562a36f2
23-12-2023 22:19:49.199 [http-nio-auto-1-exec-9] INFO  c.p.query.ProductsQueryController.getProducts - CONTROLLER : Get product list
23-12-2023 22:19:49.211 [QueryProcessor-5] INFO  c.product.query.ProductsQueryHandler.findProducts - QUERY HANDLER: com.product.query.FindProductsQuery@2d09e0c
23-12-2023 22:20:17.667 [http-nio-auto-1-exec-3] INFO  c.o.command.OrdersCommandController.createOrder - CONTROLLER : CreateOrderRequestDTOCreateOrderRequestDTO(productId=43e03cf4-dd06-4daa-809b-06797d9be7f3, quantity=5, addressId=123)
23-12-2023 22:20:17.800 [CommandProcessor-0] INFO  com.order.command.OrderAggregate.<init> - COMMAND HANDLER: CreateOrderCommand
23-12-2023 22:20:17.807 [CommandProcessor-0] INFO  com.order.command.OrderAggregate.on - EVENT HANDLER: OrderCreatedEvent
23-12-2023 22:20:17.829 [CommandProcessor-0] INFO  com.order.query.OrderEventsHandler.on - EVENT HANDLER: OrderCreatedEvent
23-12-2023 22:20:17.922 [EventProcessor[OrderSagaProcessor]-0] INFO  com.order.OrderSaga.handle - SAGA >> EVENT HANDLER : OrderCreatedEvent
23-12-2023 22:20:17.931 [EventProcessor[OrderSagaProcessor]-0] INFO  com.order.OrderSaga.handle - OrderCreatedEvent handled for orderId: 5d685e37-3b1d-4883-84a9-d0ef27982b12 and productId: 43e03cf4-dd06-4daa-809b-06797d9be7f3
23-12-2023 22:20:18.101 [CommandProcessor-0] INFO  com.product.command.ProductAggregate.on - EVENT PROCESSOR: ProductCreatedEvent : Initializing product with ProductCreatedEvent(productId=43e03cf4-dd06-4daa-809b-06797d9be7f3, title=product 11, price=99, quantity=3)
23-12-2023 22:20:18.108 [CommandProcessor-0] INFO  com.product.command.ProductAggregate.handle - COMMAND HANDLER: ReserveProductCommand
23-12-2023 22:20:18.189 [CommandProcessor-1] INFO  com.order.command.OrderAggregate.on - EVENT HANDLER: OrderCreatedEvent
23-12-2023 22:20:18.194 [CommandProcessor-1] INFO  com.order.command.OrderAggregate.handle - COMMAND HANDLER: RejectOrderCommand
23-12-2023 22:20:18.195 [CommandProcessor-1] INFO  com.order.command.OrderAggregate.on - EVENT HANDLER: OrderRejectedEvent
23-12-2023 22:20:18.196 [CommandProcessor-1] INFO  com.order.query.OrderEventsHandler.on - EVENT HANDLER: OrderRejectedEvent
23-12-2023 22:20:18.241 [EventProcessor[OrderSagaProcessor]-0] INFO  com.order.OrderSaga.handle - SAGA >> EVENT HANDLER : OrderRejectedEvent
23-12-2023 22:20:18.242 [EventProcessor[OrderSagaProcessor]-0] INFO  com.order.OrderSaga.handle - Successfully rejected order with id 5d685e37-3b1d-4883-84a9-d0ef27982b12
23-12-2023 22:21:33.038 [main] INFO  com.order.OrdersServiceApplication.logStarting - Starting OrdersServiceApplication using Java 11.0.21 on WKMZT4B716B1.global.publicisgroupe.net with PID 23197 (/Users/rahgangw1/code/saga/OrdersService/target/classes started by rahgangw1 in /Users/rahgangw1/code/saga/OrdersService)
23-12-2023 22:21:33.039 [main] INFO  com.order.OrdersServiceApplication.logStartupProfileInfo - No active profile set, falling back to default profiles: default
23-12-2023 22:21:40.490 [main] INFO  com.order.OrdersServiceApplication.logStarted - Started OrdersServiceApplication in 7.944 seconds (JVM running for 17.991)
23-12-2023 22:23:10.585 [http-nio-auto-1-exec-1] INFO  c.o.command.OrdersCommandController.createOrder - CONTROLLER : CreateOrderRequestDTOCreateOrderRequestDTO(productId=43e03cf4-dd06-4daa-809b-06797d9be7f3, quantity=5, addressId=123)
23-12-2023 22:23:10.695 [CommandProcessor-0] INFO  com.order.command.OrderAggregate.<init> - COMMAND HANDLER: CreateOrderCommand
23-12-2023 22:23:10.702 [CommandProcessor-0] INFO  com.order.command.OrderAggregate.on - EVENT HANDLER: OrderCreatedEvent
23-12-2023 22:23:10.732 [CommandProcessor-0] INFO  com.order.query.OrderEventsHandler.on - EVENT HANDLER: OrderCreatedEvent
23-12-2023 22:23:10.817 [EventProcessor[OrderSagaProcessor]-0] INFO  com.order.OrderSaga.handle - SAGA ======== >> EVENT HANDLER : OrderCreatedEvent
23-12-2023 22:23:10.825 [EventProcessor[OrderSagaProcessor]-0] INFO  com.order.OrderSaga.handle - OrderCreatedEvent handled for orderId: 6cf57974-08ab-4695-9c0e-d83fea5104ba and productId: 43e03cf4-dd06-4daa-809b-06797d9be7f3
23-12-2023 22:23:10.844 [CommandProcessor-1] INFO  com.product.command.ProductAggregate.on - EVENT PROCESSOR: ProductCreatedEvent : Initializing product with ProductCreatedEvent(productId=43e03cf4-dd06-4daa-809b-06797d9be7f3, title=product 11, price=99, quantity=3)
23-12-2023 22:23:10.845 [CommandProcessor-1] INFO  com.product.command.ProductAggregate.handle - COMMAND HANDLER: ReserveProductCommand
23-12-2023 22:23:10.889 [CommandProcessor-1] INFO  com.order.command.OrderAggregate.on - EVENT HANDLER: OrderCreatedEvent
23-12-2023 22:23:10.893 [CommandProcessor-1] INFO  com.order.command.OrderAggregate.handle - COMMAND HANDLER: RejectOrderCommand
23-12-2023 22:23:10.893 [CommandProcessor-1] INFO  com.order.command.OrderAggregate.on - EVENT HANDLER: OrderRejectedEvent
23-12-2023 22:23:10.894 [CommandProcessor-1] INFO  com.order.query.OrderEventsHandler.on - EVENT HANDLER: OrderRejectedEvent
23-12-2023 22:23:10.927 [EventProcessor[OrderSagaProcessor]-0] INFO  com.order.OrderSaga.handle - SAGA ======== >> EVENT HANDLER : OrderRejectedEvent
23-12-2023 22:23:10.927 [EventProcessor[OrderSagaProcessor]-0] INFO  com.order.OrderSaga.handle - Successfully rejected order with id 6cf57974-08ab-4695-9c0e-d83fea5104ba
23-12-2023 22:29:38.208 [main] INFO  com.order.OrdersServiceApplication.logStarting - Starting OrdersServiceApplication using Java 11.0.21 on WKMZT4B716B1.global.publicisgroupe.net with PID 23410 (/Users/rahgangw1/code/saga/OrdersService/target/classes started by rahgangw1 in /Users/rahgangw1/code/saga/OrdersService)
23-12-2023 22:29:38.213 [main] INFO  com.order.OrdersServiceApplication.logStartupProfileInfo - No active profile set, falling back to default profiles: default
23-12-2023 22:29:46.131 [main] INFO  com.order.OrdersServiceApplication.logStarted - Started OrdersServiceApplication in 8.539 seconds (JVM running for 17.866)
23-12-2023 22:30:28.933 [http-nio-auto-1-exec-1] INFO  c.o.command.OrdersCommandController.createOrder - CONTROLLER : CreateOrderRequestDTOCreateOrderRequestDTO(productId=43e03cf4-dd06-4daa-809b-06797d9be7f3, quantity=5, addressId=123)
23-12-2023 22:30:29.051 [CommandProcessor-0] INFO  com.order.command.OrderAggregate.<init> - COMMAND HANDLER: CreateOrderCommand
23-12-2023 22:30:29.058 [CommandProcessor-0] INFO  com.order.command.OrderAggregate.on - EVENT HANDLER: OrderCreatedEvent
23-12-2023 22:30:29.084 [CommandProcessor-0] INFO  com.order.query.OrderEventsHandler.on - EVENT HANDLER: OrderCreatedEvent
23-12-2023 22:30:29.161 [EventProcessor[OrderSagaProcessor]-0] INFO  com.order.OrderSaga.handle - SAGA ======== >> EVENT HANDLER : OrderCreatedEvent
23-12-2023 22:30:29.179 [CommandProcessor-2] INFO  com.product.command.ProductAggregate.on - EVENT PROCESSOR: ProductCreatedEvent : Initializing product with ProductCreatedEvent(productId=43e03cf4-dd06-4daa-809b-06797d9be7f3, title=product 11, price=99, quantity=3)
23-12-2023 22:30:29.180 [CommandProcessor-2] INFO  com.product.command.ProductAggregate.handle - COMMAND HANDLER: ReserveProductCommand
23-12-2023 22:30:29.191 [grpc-default-executor-0] INFO  com.order.OrderSaga.lambda$handle$0 - Product could not be reserved. Sending RejectOrderCommand
23-12-2023 22:30:29.224 [CommandProcessor-1] INFO  com.order.command.OrderAggregate.on - EVENT HANDLER: OrderCreatedEvent
23-12-2023 22:30:29.228 [CommandProcessor-1] INFO  com.order.command.OrderAggregate.handle - COMMAND HANDLER: RejectOrderCommand
23-12-2023 22:30:29.228 [CommandProcessor-1] INFO  com.order.command.OrderAggregate.on - EVENT HANDLER: OrderRejectedEvent
23-12-2023 22:30:29.230 [CommandProcessor-1] INFO  com.order.query.OrderEventsHandler.on - EVENT HANDLER: OrderRejectedEvent
23-12-2023 22:30:29.262 [EventProcessor[OrderSagaProcessor]-0] INFO  com.order.OrderSaga.handle - SAGA ======== >> EVENT HANDLER : OrderRejectedEvent
23-12-2023 22:30:29.262 [EventProcessor[OrderSagaProcessor]-0] INFO  com.order.OrderSaga.handle - Successfully rejected order with id 248b80da-6c68-40f1-9815-25dd42a98d99
23-12-2023 22:31:18.587 [http-nio-auto-1-exec-2] INFO  c.o.command.OrdersCommandController.createOrder - CONTROLLER : CreateOrderRequestDTOCreateOrderRequestDTO(productId=43e03cf4-dd06-4daa-809b-06797d9be7f3, quantity=1, addressId=123)
23-12-2023 22:31:18.594 [CommandProcessor-2] INFO  com.order.command.OrderAggregate.<init> - COMMAND HANDLER: CreateOrderCommand
23-12-2023 22:31:18.594 [CommandProcessor-2] INFO  com.order.command.OrderAggregate.on - EVENT HANDLER: OrderCreatedEvent
23-12-2023 22:31:18.596 [CommandProcessor-2] INFO  com.order.query.OrderEventsHandler.on - EVENT HANDLER: OrderCreatedEvent
23-12-2023 22:31:18.603 [EventProcessor[OrderSagaProcessor]-0] INFO  com.order.OrderSaga.handle - SAGA ======== >> EVENT HANDLER : OrderCreatedEvent
23-12-2023 22:31:18.618 [CommandProcessor-3] INFO  com.product.command.ProductAggregate.on - EVENT PROCESSOR: ProductCreatedEvent : Initializing product with ProductCreatedEvent(productId=43e03cf4-dd06-4daa-809b-06797d9be7f3, title=product 11, price=99, quantity=3)
23-12-2023 22:31:18.619 [CommandProcessor-3] INFO  com.product.command.ProductAggregate.handle - COMMAND HANDLER: ReserveProductCommand
23-12-2023 22:31:18.626 [CommandProcessor-3] INFO  com.product.command.ProductAggregate.on - EVENT PROCESSOR: ProductReservedEvent : Reducing product quantity by1 End quanity : 2
23-12-2023 22:31:18.642 [CommandProcessor-3] INFO  c.product.query.ProductEventsHandler.on - EVENT PROCESSOR: ProductReservedEvent
23-12-2023 22:31:18.672 [CommandProcessor-3] INFO  c.product.query.ProductEventsHandler.on - Current product quantity 3
23-12-2023 22:31:18.687 [CommandProcessor-3] INFO  c.product.query.ProductEventsHandler.on - New product quantity 2
23-12-2023 22:31:18.694 [CommandProcessor-3] INFO  c.product.query.ProductEventsHandler.on - ProductReservedEvent is called for productId:43e03cf4-dd06-4daa-809b-06797d9be7f3 and orderId: f941d537-b0b7-47f9-90bd-fb3d784834e9
23-12-2023 22:31:18.704 [EventProcessor[OrderSagaProcessor]-0] INFO  com.order.OrderSaga.handle - SAGA ======== >> EVENT HANDLER : ProductReservedEvent
23-12-2023 22:31:18.713 [EventProcessor[OrderSagaProcessor]-0] INFO  com.order.OrderSaga.handle - ProductReserveddEvent is called for productId: 43e03cf4-dd06-4daa-809b-06797d9be7f3 and orderId: f941d537-b0b7-47f9-90bd-fb3d784834e9
23-12-2023 22:31:18.727 [EventProcessor[OrderSagaProcessor]-0] ERROR com.order.OrderSaga.handle - org.axonframework.queryhandling.NoHandlerForQueryException: No handler for query: com.core.query.FetchUserPaymentDetailsQuery
23-12-2023 22:31:18.731 [grpc-default-executor-0] INFO  com.order.OrderSaga.lambda$handle$0 - Product reserved confirmation received.
23-12-2023 22:31:18.747 [CommandProcessor-4] INFO  com.product.command.ProductAggregate.on - EVENT PROCESSOR: ProductCreatedEvent : Initializing product with ProductCreatedEvent(productId=43e03cf4-dd06-4daa-809b-06797d9be7f3, title=product 11, price=99, quantity=3)
23-12-2023 22:31:18.748 [CommandProcessor-4] INFO  com.product.command.ProductAggregate.on - EVENT PROCESSOR: ProductReservedEvent : Reducing product quantity by1 End quanity : 2
23-12-2023 22:31:18.749 [CommandProcessor-4] INFO  com.product.command.ProductAggregate.handle - COMMAND HANDLER: CancelProductReservationCommand
23-12-2023 22:31:18.751 [CommandProcessor-4] INFO  com.product.command.ProductAggregate.on - EVENT PROCESSOR: ProductReservationCancelledEvent : Increasing quantity by 1 End quanity : 3
23-12-2023 22:31:18.753 [CommandProcessor-4] INFO  c.product.query.ProductEventsHandler.on - EVENT PROCESSOR: ProductReservationCancelledEvent
23-12-2023 22:31:18.755 [CommandProcessor-4] INFO  c.product.query.ProductEventsHandler.on - Current product quantity 2
23-12-2023 22:31:18.755 [CommandProcessor-4] INFO  c.product.query.ProductEventsHandler.on - New product quantity 3
23-12-2023 22:31:18.763 [EventProcessor[OrderSagaProcessor]-0] INFO  com.order.OrderSaga.handle - SAGA ======== >> EVENT HANDLER : ProductReservationCancelledEvent
23-12-2023 22:31:18.778 [CommandProcessor-4] INFO  com.product.command.ProductAggregate.on - EVENT PROCESSOR: ProductCreatedEvent : Initializing product with ProductCreatedEvent(productId=43e03cf4-dd06-4daa-809b-06797d9be7f3, title=product 11, price=99, quantity=3)
23-12-2023 22:31:18.779 [CommandProcessor-4] INFO  com.product.command.ProductAggregate.on - EVENT PROCESSOR: ProductReservedEvent : Reducing product quantity by1 End quanity : 2
23-12-2023 22:31:18.781 [CommandProcessor-4] INFO  com.product.command.ProductAggregate.on - EVENT PROCESSOR: ProductReservationCancelledEvent : Increasing quantity by 1 End quanity : 3
23-12-2023 22:31:18.783 [CommandProcessor-3] INFO  com.order.command.OrderAggregate.on - EVENT HANDLER: OrderCreatedEvent
23-12-2023 22:31:18.784 [CommandProcessor-3] INFO  com.order.command.OrderAggregate.handle - COMMAND HANDLER: RejectOrderCommand
23-12-2023 22:31:18.785 [CommandProcessor-3] INFO  com.order.command.OrderAggregate.on - EVENT HANDLER: OrderRejectedEvent
23-12-2023 22:31:18.787 [CommandProcessor-3] INFO  com.order.query.OrderEventsHandler.on - EVENT HANDLER: OrderRejectedEvent
23-12-2023 22:31:18.798 [EventProcessor[OrderSagaProcessor]-0] INFO  com.order.OrderSaga.handle - SAGA ======== >> EVENT HANDLER : OrderRejectedEvent
23-12-2023 22:31:18.799 [EventProcessor[OrderSagaProcessor]-0] INFO  com.order.OrderSaga.handle - Successfully rejected order with id f941d537-b0b7-47f9-90bd-fb3d784834e9
23-12-2023 22:32:10.813 [http-nio-auto-1-exec-3] INFO  c.o.command.OrdersCommandController.createOrder - CONTROLLER : CreateOrderRequestDTOCreateOrderRequestDTO(productId=43e03cf4-dd06-4daa-809b-06797d9be7f3, quantity=1, addressId=123)
23-12-2023 22:32:10.819 [CommandProcessor-4] INFO  com.order.command.OrderAggregate.<init> - COMMAND HANDLER: CreateOrderCommand
23-12-2023 22:32:10.819 [CommandProcessor-4] INFO  com.order.command.OrderAggregate.on - EVENT HANDLER: OrderCreatedEvent
23-12-2023 22:32:10.821 [CommandProcessor-4] INFO  com.order.query.OrderEventsHandler.on - EVENT HANDLER: OrderCreatedEvent
23-12-2023 22:32:10.829 [EventProcessor[OrderSagaProcessor]-0] INFO  com.order.OrderSaga.handle - SAGA ======== >> EVENT HANDLER : OrderCreatedEvent
23-12-2023 22:32:10.846 [CommandProcessor-5] INFO  com.product.command.ProductAggregate.handle - COMMAND HANDLER: ReserveProductCommand
23-12-2023 22:32:10.846 [CommandProcessor-5] INFO  com.product.command.ProductAggregate.on - EVENT PROCESSOR: ProductReservedEvent : Reducing product quantity by1 End quanity : 2
23-12-2023 22:32:10.847 [CommandProcessor-5] INFO  c.product.query.ProductEventsHandler.on - EVENT PROCESSOR: ProductReservedEvent
23-12-2023 22:32:10.849 [CommandProcessor-5] INFO  c.product.query.ProductEventsHandler.on - Current product quantity 3
23-12-2023 22:32:10.849 [CommandProcessor-5] INFO  c.product.query.ProductEventsHandler.on - New product quantity 2
23-12-2023 22:32:10.849 [CommandProcessor-5] INFO  c.product.query.ProductEventsHandler.on - ProductReservedEvent is called for productId:43e03cf4-dd06-4daa-809b-06797d9be7f3 and orderId: e602aeb0-68ce-441a-8c8d-3d9788f4a3fd
23-12-2023 22:32:10.856 [grpc-default-executor-1] INFO  com.order.OrderSaga.lambda$handle$0 - Product reserved confirmation received.
23-12-2023 22:32:10.857 [EventProcessor[OrderSagaProcessor]-0] INFO  com.order.OrderSaga.handle - SAGA ======== >> EVENT HANDLER : ProductReservedEvent
23-12-2023 22:32:10.858 [EventProcessor[OrderSagaProcessor]-0] INFO  com.order.OrderSaga.handle - ProductReserveddEvent is called for productId: 43e03cf4-dd06-4daa-809b-06797d9be7f3 and orderId: e602aeb0-68ce-441a-8c8d-3d9788f4a3fd
23-12-2023 22:32:10.861 [EventProcessor[OrderSagaProcessor]-0] ERROR com.order.OrderSaga.handle - org.axonframework.queryhandling.NoHandlerForQueryException: No handler for query: com.core.query.FetchUserPaymentDetailsQuery
23-12-2023 22:32:10.876 [CommandProcessor-6] INFO  com.product.command.ProductAggregate.on - EVENT PROCESSOR: ProductReservedEvent : Reducing product quantity by1 End quanity : 2
23-12-2023 22:32:10.877 [CommandProcessor-6] INFO  com.product.command.ProductAggregate.handle - COMMAND HANDLER: CancelProductReservationCommand
23-12-2023 22:32:10.877 [CommandProcessor-6] INFO  com.product.command.ProductAggregate.on - EVENT PROCESSOR: ProductReservationCancelledEvent : Increasing quantity by 1 End quanity : 3
23-12-2023 22:32:10.879 [CommandProcessor-6] INFO  c.product.query.ProductEventsHandler.on - EVENT PROCESSOR: ProductReservationCancelledEvent
23-12-2023 22:32:10.880 [CommandProcessor-6] INFO  c.product.query.ProductEventsHandler.on - Current product quantity 2
23-12-2023 22:32:10.881 [CommandProcessor-6] INFO  c.product.query.ProductEventsHandler.on - New product quantity 3
23-12-2023 22:32:10.887 [EventProcessor[OrderSagaProcessor]-0] INFO  com.order.OrderSaga.handle - SAGA ======== >> EVENT HANDLER : ProductReservationCancelledEvent
23-12-2023 22:32:10.893 [CommandProcessor-6] INFO  com.product.command.ProductAggregate.on - EVENT PROCESSOR: ProductReservedEvent : Reducing product quantity by1 End quanity : 2
23-12-2023 22:32:10.894 [CommandProcessor-6] INFO  com.product.command.ProductAggregate.on - EVENT PROCESSOR: ProductReservationCancelledEvent : Increasing quantity by 1 End quanity : 3
23-12-2023 22:32:10.908 [CommandProcessor-5] INFO  com.order.command.OrderAggregate.on - EVENT HANDLER: OrderCreatedEvent
23-12-2023 22:32:10.909 [CommandProcessor-5] INFO  com.order.command.OrderAggregate.handle - COMMAND HANDLER: RejectOrderCommand
23-12-2023 22:32:10.909 [CommandProcessor-5] INFO  com.order.command.OrderAggregate.on - EVENT HANDLER: OrderRejectedEvent
23-12-2023 22:32:10.910 [CommandProcessor-5] INFO  com.order.query.OrderEventsHandler.on - EVENT HANDLER: OrderRejectedEvent
23-12-2023 22:32:10.920 [EventProcessor[OrderSagaProcessor]-0] INFO  com.order.OrderSaga.handle - SAGA ======== >> EVENT HANDLER : OrderRejectedEvent
23-12-2023 22:32:10.934 [EventProcessor[OrderSagaProcessor]-0] INFO  com.order.OrderSaga.handle - Successfully rejected order with id e602aeb0-68ce-441a-8c8d-3d9788f4a3fd
23-12-2023 22:32:11.822 [http-nio-auto-1-exec-4] INFO  c.o.command.OrdersCommandController.createOrder - CONTROLLER : CreateOrderRequestDTOCreateOrderRequestDTO(productId=43e03cf4-dd06-4daa-809b-06797d9be7f3, quantity=1, addressId=123)
23-12-2023 22:32:11.828 [CommandProcessor-6] INFO  com.order.command.OrderAggregate.<init> - COMMAND HANDLER: CreateOrderCommand
23-12-2023 22:32:11.828 [CommandProcessor-6] INFO  com.order.command.OrderAggregate.on - EVENT HANDLER: OrderCreatedEvent
23-12-2023 22:32:11.831 [CommandProcessor-6] INFO  com.order.query.OrderEventsHandler.on - EVENT HANDLER: OrderCreatedEvent
23-12-2023 22:32:11.840 [EventProcessor[OrderSagaProcessor]-0] INFO  com.order.OrderSaga.handle - SAGA ======== >> EVENT HANDLER : OrderCreatedEvent
23-12-2023 22:32:11.850 [CommandProcessor-7] INFO  com.product.command.ProductAggregate.handle - COMMAND HANDLER: ReserveProductCommand
23-12-2023 22:32:11.850 [CommandProcessor-7] INFO  com.product.command.ProductAggregate.on - EVENT PROCESSOR: ProductReservedEvent : Reducing product quantity by1 End quanity : 2
23-12-2023 22:32:11.851 [CommandProcessor-7] INFO  c.product.query.ProductEventsHandler.on - EVENT PROCESSOR: ProductReservedEvent
23-12-2023 22:32:11.852 [CommandProcessor-7] INFO  c.product.query.ProductEventsHandler.on - Current product quantity 3
23-12-2023 22:32:11.853 [CommandProcessor-7] INFO  c.product.query.ProductEventsHandler.on - New product quantity 2
23-12-2023 22:32:11.853 [CommandProcessor-7] INFO  c.product.query.ProductEventsHandler.on - ProductReservedEvent is called for productId:43e03cf4-dd06-4daa-809b-06797d9be7f3 and orderId: 05ba8ff3-491e-4c01-bd59-3ab14c4fb285
23-12-2023 22:32:11.859 [EventProcessor[OrderSagaProcessor]-0] INFO  com.order.OrderSaga.handle - SAGA ======== >> EVENT HANDLER : ProductReservedEvent
23-12-2023 22:32:11.859 [grpc-default-executor-0] INFO  com.order.OrderSaga.lambda$handle$0 - Product reserved confirmation received.
23-12-2023 22:32:11.860 [EventProcessor[OrderSagaProcessor]-0] INFO  com.order.OrderSaga.handle - ProductReserveddEvent is called for productId: 43e03cf4-dd06-4daa-809b-06797d9be7f3 and orderId: 05ba8ff3-491e-4c01-bd59-3ab14c4fb285
23-12-2023 22:32:11.864 [EventProcessor[OrderSagaProcessor]-0] ERROR com.order.OrderSaga.handle - org.axonframework.queryhandling.NoHandlerForQueryException: No handler for query: com.core.query.FetchUserPaymentDetailsQuery
23-12-2023 22:32:11.876 [CommandProcessor-8] INFO  com.product.command.ProductAggregate.on - EVENT PROCESSOR: ProductReservedEvent : Reducing product quantity by1 End quanity : 2
23-12-2023 22:32:11.876 [CommandProcessor-8] INFO  com.product.command.ProductAggregate.handle - COMMAND HANDLER: CancelProductReservationCommand
23-12-2023 22:32:11.877 [CommandProcessor-8] INFO  com.product.command.ProductAggregate.on - EVENT PROCESSOR: ProductReservationCancelledEvent : Increasing quantity by 1 End quanity : 3
23-12-2023 22:32:11.878 [CommandProcessor-8] INFO  c.product.query.ProductEventsHandler.on - EVENT PROCESSOR: ProductReservationCancelledEvent
23-12-2023 22:32:11.879 [CommandProcessor-8] INFO  c.product.query.ProductEventsHandler.on - Current product quantity 2
23-12-2023 22:32:11.880 [CommandProcessor-8] INFO  c.product.query.ProductEventsHandler.on - New product quantity 3
23-12-2023 22:32:11.885 [EventProcessor[OrderSagaProcessor]-0] INFO  com.order.OrderSaga.handle - SAGA ======== >> EVENT HANDLER : ProductReservationCancelledEvent
23-12-2023 22:32:11.890 [CommandProcessor-8] INFO  com.product.command.ProductAggregate.on - EVENT PROCESSOR: ProductReservedEvent : Reducing product quantity by1 End quanity : 2
23-12-2023 22:32:11.891 [CommandProcessor-8] INFO  com.product.command.ProductAggregate.on - EVENT PROCESSOR: ProductReservationCancelledEvent : Increasing quantity by 1 End quanity : 3
23-12-2023 22:32:11.900 [CommandProcessor-7] INFO  com.order.command.OrderAggregate.on - EVENT HANDLER: OrderCreatedEvent
23-12-2023 22:32:11.901 [CommandProcessor-7] INFO  com.order.command.OrderAggregate.handle - COMMAND HANDLER: RejectOrderCommand
23-12-2023 22:32:11.901 [CommandProcessor-7] INFO  com.order.command.OrderAggregate.on - EVENT HANDLER: OrderRejectedEvent
23-12-2023 22:32:11.902 [CommandProcessor-7] INFO  com.order.query.OrderEventsHandler.on - EVENT HANDLER: OrderRejectedEvent
23-12-2023 22:32:11.910 [EventProcessor[OrderSagaProcessor]-0] INFO  com.order.OrderSaga.handle - SAGA ======== >> EVENT HANDLER : OrderRejectedEvent
23-12-2023 22:32:11.911 [EventProcessor[OrderSagaProcessor]-0] INFO  com.order.OrderSaga.handle - Successfully rejected order with id 05ba8ff3-491e-4c01-bd59-3ab14c4fb285
23-12-2023 22:32:12.630 [http-nio-auto-1-exec-5] INFO  c.o.command.OrdersCommandController.createOrder - CONTROLLER : CreateOrderRequestDTOCreateOrderRequestDTO(productId=43e03cf4-dd06-4daa-809b-06797d9be7f3, quantity=1, addressId=123)
23-12-2023 22:32:12.635 [CommandProcessor-8] INFO  com.order.command.OrderAggregate.<init> - COMMAND HANDLER: CreateOrderCommand
23-12-2023 22:32:12.636 [CommandProcessor-8] INFO  com.order.command.OrderAggregate.on - EVENT HANDLER: OrderCreatedEvent
23-12-2023 22:32:12.638 [CommandProcessor-8] INFO  com.order.query.OrderEventsHandler.on - EVENT HANDLER: OrderCreatedEvent
23-12-2023 22:32:12.643 [EventProcessor[OrderSagaProcessor]-0] INFO  com.order.OrderSaga.handle - SAGA ======== >> EVENT HANDLER : OrderCreatedEvent
23-12-2023 22:32:12.652 [CommandProcessor-9] INFO  com.product.command.ProductAggregate.handle - COMMAND HANDLER: ReserveProductCommand
23-12-2023 22:32:12.653 [CommandProcessor-9] INFO  com.product.command.ProductAggregate.on - EVENT PROCESSOR: ProductReservedEvent : Reducing product quantity by1 End quanity : 2
23-12-2023 22:32:12.654 [CommandProcessor-9] INFO  c.product.query.ProductEventsHandler.on - EVENT PROCESSOR: ProductReservedEvent
23-12-2023 22:32:12.656 [CommandProcessor-9] INFO  c.product.query.ProductEventsHandler.on - Current product quantity 3
23-12-2023 22:32:12.656 [CommandProcessor-9] INFO  c.product.query.ProductEventsHandler.on - New product quantity 2
23-12-2023 22:32:12.656 [CommandProcessor-9] INFO  c.product.query.ProductEventsHandler.on - ProductReservedEvent is called for productId:43e03cf4-dd06-4daa-809b-06797d9be7f3 and orderId: e96335c0-c469-46cd-a235-7e92bbb46380
23-12-2023 22:32:12.660 [grpc-default-executor-0] INFO  com.order.OrderSaga.lambda$handle$0 - Product reserved confirmation received.
23-12-2023 22:32:12.663 [EventProcessor[OrderSagaProcessor]-0] INFO  com.order.OrderSaga.handle - SAGA ======== >> EVENT HANDLER : ProductReservedEvent
23-12-2023 22:32:12.663 [EventProcessor[OrderSagaProcessor]-0] INFO  com.order.OrderSaga.handle - ProductReserveddEvent is called for productId: 43e03cf4-dd06-4daa-809b-06797d9be7f3 and orderId: e96335c0-c469-46cd-a235-7e92bbb46380
23-12-2023 22:32:12.667 [EventProcessor[OrderSagaProcessor]-0] ERROR com.order.OrderSaga.handle - org.axonframework.queryhandling.NoHandlerForQueryException: No handler for query: com.core.query.FetchUserPaymentDetailsQuery
23-12-2023 22:32:12.678 [CommandProcessor-0] INFO  com.product.command.ProductAggregate.on - EVENT PROCESSOR: ProductReservedEvent : Reducing product quantity by1 End quanity : 2
23-12-2023 22:32:12.678 [CommandProcessor-0] INFO  com.product.command.ProductAggregate.handle - COMMAND HANDLER: CancelProductReservationCommand
23-12-2023 22:32:12.678 [CommandProcessor-0] INFO  com.product.command.ProductAggregate.on - EVENT PROCESSOR: ProductReservationCancelledEvent : Increasing quantity by 1 End quanity : 3
23-12-2023 22:32:12.679 [CommandProcessor-0] INFO  c.product.query.ProductEventsHandler.on - EVENT PROCESSOR: ProductReservationCancelledEvent
23-12-2023 22:32:12.681 [CommandProcessor-0] INFO  c.product.query.ProductEventsHandler.on - Current product quantity 2
23-12-2023 22:32:12.681 [CommandProcessor-0] INFO  c.product.query.ProductEventsHandler.on - New product quantity 3
23-12-2023 22:32:12.686 [EventProcessor[OrderSagaProcessor]-0] INFO  com.order.OrderSaga.handle - SAGA ======== >> EVENT HANDLER : ProductReservationCancelledEvent
23-12-2023 22:32:12.691 [CommandProcessor-0] INFO  com.product.command.ProductAggregate.on - EVENT PROCESSOR: ProductReservedEvent : Reducing product quantity by1 End quanity : 2
23-12-2023 22:32:12.691 [CommandProcessor-0] INFO  com.product.command.ProductAggregate.on - EVENT PROCESSOR: ProductReservationCancelledEvent : Increasing quantity by 1 End quanity : 3
23-12-2023 22:32:12.699 [CommandProcessor-9] INFO  com.order.command.OrderAggregate.on - EVENT HANDLER: OrderCreatedEvent
23-12-2023 22:32:12.699 [CommandProcessor-9] INFO  com.order.command.OrderAggregate.handle - COMMAND HANDLER: RejectOrderCommand
23-12-2023 22:32:12.700 [CommandProcessor-9] INFO  com.order.command.OrderAggregate.on - EVENT HANDLER: OrderRejectedEvent
23-12-2023 22:32:12.701 [CommandProcessor-9] INFO  com.order.query.OrderEventsHandler.on - EVENT HANDLER: OrderRejectedEvent
23-12-2023 22:32:12.707 [EventProcessor[OrderSagaProcessor]-0] INFO  com.order.OrderSaga.handle - SAGA ======== >> EVENT HANDLER : OrderRejectedEvent
23-12-2023 22:32:12.708 [EventProcessor[OrderSagaProcessor]-0] INFO  com.order.OrderSaga.handle - Successfully rejected order with id e96335c0-c469-46cd-a235-7e92bbb46380
23-12-2023 22:33:26.674 [http-nio-auto-1-exec-1] INFO  c.p.query.ProductsQueryController.getProducts - CONTROLLER : Get product list
23-12-2023 22:33:26.679 [QueryProcessor-7] INFO  c.product.query.ProductsQueryHandler.findProducts - QUERY HANDLER: com.product.query.FindProductsQuery@66019865
23-12-2023 22:33:40.359 [http-nio-auto-1-exec-7] INFO  c.o.command.OrdersCommandController.createOrder - CONTROLLER : CreateOrderRequestDTOCreateOrderRequestDTO(productId=61028470-a9e6-48f5-b0ff-a390de66a6dc, quantity=1, addressId=123)
23-12-2023 22:33:40.365 [CommandProcessor-0] INFO  com.order.command.OrderAggregate.<init> - COMMAND HANDLER: CreateOrderCommand
23-12-2023 22:33:40.365 [CommandProcessor-0] INFO  com.order.command.OrderAggregate.on - EVENT HANDLER: OrderCreatedEvent
23-12-2023 22:33:40.366 [CommandProcessor-0] INFO  com.order.query.OrderEventsHandler.on - EVENT HANDLER: OrderCreatedEvent
23-12-2023 22:33:40.372 [EventProcessor[OrderSagaProcessor]-0] INFO  com.order.OrderSaga.handle - SAGA ======== >> EVENT HANDLER : OrderCreatedEvent
23-12-2023 22:33:40.387 [grpc-default-executor-2] INFO  com.order.OrderSaga.lambda$handle$0 - Product could not be reserved. Sending RejectOrderCommand
23-12-2023 22:33:40.397 [CommandProcessor-1] INFO  com.order.command.OrderAggregate.on - EVENT HANDLER: OrderCreatedEvent
23-12-2023 22:33:40.398 [CommandProcessor-1] INFO  com.order.command.OrderAggregate.handle - COMMAND HANDLER: RejectOrderCommand
23-12-2023 22:33:40.398 [CommandProcessor-1] INFO  com.order.command.OrderAggregate.on - EVENT HANDLER: OrderRejectedEvent
23-12-2023 22:33:40.399 [CommandProcessor-1] INFO  com.order.query.OrderEventsHandler.on - EVENT HANDLER: OrderRejectedEvent
23-12-2023 22:33:40.407 [EventProcessor[OrderSagaProcessor]-0] INFO  com.order.OrderSaga.handle - SAGA ======== >> EVENT HANDLER : OrderRejectedEvent
23-12-2023 22:33:40.408 [EventProcessor[OrderSagaProcessor]-0] INFO  com.order.OrderSaga.handle - Successfully rejected order with id 2bd1bcb3-9169-4f4d-be30-e2aeb7307c72
23-12-2023 22:34:08.520 [http-nio-auto-1-exec-8] INFO  c.o.command.OrdersCommandController.createOrder - CONTROLLER : CreateOrderRequestDTOCreateOrderRequestDTO(productId=61028470-a9e6-48f5-b0ff-a390de66a6dc, quantity=1, addressId=123)
23-12-2023 22:34:08.524 [CommandProcessor-2] INFO  com.order.command.OrderAggregate.<init> - COMMAND HANDLER: CreateOrderCommand
23-12-2023 22:34:08.525 [CommandProcessor-2] INFO  com.order.command.OrderAggregate.on - EVENT HANDLER: OrderCreatedEvent
23-12-2023 22:34:08.526 [CommandProcessor-2] INFO  com.order.query.OrderEventsHandler.on - EVENT HANDLER: OrderCreatedEvent
23-12-2023 22:34:08.531 [EventProcessor[OrderSagaProcessor]-0] INFO  com.order.OrderSaga.handle - SAGA ======== >> EVENT HANDLER : OrderCreatedEvent
23-12-2023 22:34:08.543 [grpc-default-executor-2] INFO  com.order.OrderSaga.lambda$handle$0 - Product could not be reserved. Sending RejectOrderCommand
23-12-2023 22:34:08.552 [CommandProcessor-3] INFO  com.order.command.OrderAggregate.on - EVENT HANDLER: OrderCreatedEvent
23-12-2023 22:34:08.553 [CommandProcessor-3] INFO  com.order.command.OrderAggregate.handle - COMMAND HANDLER: RejectOrderCommand
23-12-2023 22:34:08.553 [CommandProcessor-3] INFO  com.order.command.OrderAggregate.on - EVENT HANDLER: OrderRejectedEvent
23-12-2023 22:34:08.554 [CommandProcessor-3] INFO  com.order.query.OrderEventsHandler.on - EVENT HANDLER: OrderRejectedEvent
23-12-2023 22:34:08.563 [EventProcessor[OrderSagaProcessor]-0] INFO  com.order.OrderSaga.handle - SAGA ======== >> EVENT HANDLER : OrderRejectedEvent
23-12-2023 22:34:08.564 [EventProcessor[OrderSagaProcessor]-0] INFO  com.order.OrderSaga.handle - Successfully rejected order with id eec4b59c-f020-4c0c-a80b-81e04e883a0b
23-12-2023 22:36:03.133 [http-nio-auto-1-exec-5] INFO  c.p.c.ProductsCommandController.createProduct - CONTROLLER : CreateProductRestModelCreateProductRequestDTO(title=first product 111, price=99, quantity=5)
23-12-2023 22:36:03.136 [http-nio-auto-1-exec-5] INFO  c.p.c.CreateProductCommandInterceptor.lambda$handle$0 - INTERCEPTOR: class com.product.command.CreateProductCommand
23-12-2023 22:36:03.150 [CommandProcessor-3] INFO  com.product.command.ProductAggregate.<init> - COMMAND HANDLER: CreateProductCommand
23-12-2023 22:36:03.155 [CommandProcessor-3] INFO  com.product.command.ProductAggregate.on - EVENT PROCESSOR: ProductCreatedEvent : Initializing product with ProductCreatedEvent(productId=96ddc94c-95f5-4102-97bb-031f9fd7c9c9, title=first product 111, price=99, quantity=5)
23-12-2023 22:36:03.158 [CommandProcessor-3] INFO  c.p.c.ProductLookupEventsHandler.on - ProductLookupEventsHandler.on : ProductCreatedEvent(productId=96ddc94c-95f5-4102-97bb-031f9fd7c9c9, title=first product 111, price=99, quantity=5)
23-12-2023 22:36:03.185 [CommandProcessor-3] INFO  c.product.query.ProductEventsHandler.on - EVENT PROCESSOR: ProductCreatedEvent
23-12-2023 22:36:07.515 [http-nio-auto-1-exec-6] INFO  c.p.query.ProductsQueryController.getProducts - CONTROLLER : Get product list
23-12-2023 22:36:07.520 [QueryProcessor-0] INFO  c.product.query.ProductsQueryHandler.findProducts - QUERY HANDLER: com.product.query.FindProductsQuery@1c761e83
23-12-2023 22:36:44.444 [http-nio-auto-1-exec-10] INFO  c.o.command.OrdersCommandController.createOrder - CONTROLLER : CreateOrderRequestDTOCreateOrderRequestDTO(productId=96ddc94c-95f5-4102-97bb-031f9fd7c9c9, quantity=1, addressId=123)
23-12-2023 22:36:44.448 [CommandProcessor-4] INFO  com.order.command.OrderAggregate.<init> - COMMAND HANDLER: CreateOrderCommand
23-12-2023 22:36:44.448 [CommandProcessor-4] INFO  com.order.command.OrderAggregate.on - EVENT HANDLER: OrderCreatedEvent
23-12-2023 22:36:44.449 [CommandProcessor-4] INFO  com.order.query.OrderEventsHandler.on - EVENT HANDLER: OrderCreatedEvent
23-12-2023 22:36:44.454 [EventProcessor[OrderSagaProcessor]-0] INFO  com.order.OrderSaga.handle - SAGA ======== >> EVENT HANDLER : OrderCreatedEvent
23-12-2023 22:36:44.463 [CommandProcessor-4] INFO  com.product.command.ProductAggregate.on - EVENT PROCESSOR: ProductCreatedEvent : Initializing product with ProductCreatedEvent(productId=96ddc94c-95f5-4102-97bb-031f9fd7c9c9, title=first product 111, price=99, quantity=5)
23-12-2023 22:36:44.464 [CommandProcessor-4] INFO  com.product.command.ProductAggregate.handle - COMMAND HANDLER: ReserveProductCommand
23-12-2023 22:36:44.464 [CommandProcessor-4] INFO  com.product.command.ProductAggregate.on - EVENT PROCESSOR: ProductReservedEvent : Reducing product quantity by1 End quanity : 4
23-12-2023 22:36:44.465 [CommandProcessor-4] INFO  c.product.query.ProductEventsHandler.on - EVENT PROCESSOR: ProductReservedEvent
23-12-2023 22:36:44.466 [CommandProcessor-4] INFO  c.product.query.ProductEventsHandler.on - Current product quantity 5
23-12-2023 22:36:44.466 [CommandProcessor-4] INFO  c.product.query.ProductEventsHandler.on - New product quantity 4
23-12-2023 22:36:44.467 [CommandProcessor-4] INFO  c.product.query.ProductEventsHandler.on - ProductReservedEvent is called for productId:96ddc94c-95f5-4102-97bb-031f9fd7c9c9 and orderId: 1c48e71a-3769-4620-b0fe-7996a382b68e
23-12-2023 22:36:44.471 [grpc-default-executor-4] INFO  com.order.OrderSaga.lambda$handle$0 - Product reserved confirmation received.
23-12-2023 22:36:44.472 [EventProcessor[OrderSagaProcessor]-0] INFO  com.order.OrderSaga.handle - SAGA ======== >> EVENT HANDLER : ProductReservedEvent
23-12-2023 22:36:44.472 [EventProcessor[OrderSagaProcessor]-0] INFO  com.order.OrderSaga.handle - ProductReserveddEvent is called for productId: 96ddc94c-95f5-4102-97bb-031f9fd7c9c9 and orderId: 1c48e71a-3769-4620-b0fe-7996a382b68e
23-12-2023 22:36:44.475 [EventProcessor[OrderSagaProcessor]-0] ERROR com.order.OrderSaga.handle - org.axonframework.queryhandling.NoHandlerForQueryException: No handler for query: com.core.query.FetchUserPaymentDetailsQuery
23-12-2023 22:36:44.485 [CommandProcessor-5] INFO  com.product.command.ProductAggregate.on - EVENT PROCESSOR: ProductCreatedEvent : Initializing product with ProductCreatedEvent(productId=96ddc94c-95f5-4102-97bb-031f9fd7c9c9, title=first product 111, price=99, quantity=5)
23-12-2023 22:36:44.485 [CommandProcessor-5] INFO  com.product.command.ProductAggregate.on - EVENT PROCESSOR: ProductReservedEvent : Reducing product quantity by1 End quanity : 4
23-12-2023 22:36:44.486 [CommandProcessor-5] INFO  com.product.command.ProductAggregate.handle - COMMAND HANDLER: CancelProductReservationCommand
23-12-2023 22:36:44.486 [CommandProcessor-5] INFO  com.product.command.ProductAggregate.on - EVENT PROCESSOR: ProductReservationCancelledEvent : Increasing quantity by 1 End quanity : 5
23-12-2023 22:36:44.488 [CommandProcessor-5] INFO  c.product.query.ProductEventsHandler.on - EVENT PROCESSOR: ProductReservationCancelledEvent
23-12-2023 22:36:44.489 [CommandProcessor-5] INFO  c.product.query.ProductEventsHandler.on - Current product quantity 4
23-12-2023 22:36:44.489 [CommandProcessor-5] INFO  c.product.query.ProductEventsHandler.on - New product quantity 5
23-12-2023 22:36:44.495 [EventProcessor[OrderSagaProcessor]-0] INFO  com.order.OrderSaga.handle - SAGA ======== >> EVENT HANDLER : ProductReservationCancelledEvent
23-12-2023 22:36:44.501 [CommandProcessor-5] INFO  com.product.command.ProductAggregate.on - EVENT PROCESSOR: ProductCreatedEvent : Initializing product with ProductCreatedEvent(productId=96ddc94c-95f5-4102-97bb-031f9fd7c9c9, title=first product 111, price=99, quantity=5)
23-12-2023 22:36:44.502 [CommandProcessor-5] INFO  com.product.command.ProductAggregate.on - EVENT PROCESSOR: ProductReservedEvent : Reducing product quantity by1 End quanity : 4
23-12-2023 22:36:44.503 [CommandProcessor-5] INFO  com.product.command.ProductAggregate.on - EVENT PROCESSOR: ProductReservationCancelledEvent : Increasing quantity by 1 End quanity : 5
23-12-2023 22:36:44.507 [CommandProcessor-5] INFO  com.order.command.OrderAggregate.on - EVENT HANDLER: OrderCreatedEvent
23-12-2023 22:36:44.507 [CommandProcessor-5] INFO  com.order.command.OrderAggregate.handle - COMMAND HANDLER: RejectOrderCommand
23-12-2023 22:36:44.507 [CommandProcessor-5] INFO  com.order.command.OrderAggregate.on - EVENT HANDLER: OrderRejectedEvent
23-12-2023 22:36:44.509 [CommandProcessor-5] INFO  com.order.query.OrderEventsHandler.on - EVENT HANDLER: OrderRejectedEvent
23-12-2023 22:36:44.515 [EventProcessor[OrderSagaProcessor]-0] INFO  com.order.OrderSaga.handle - SAGA ======== >> EVENT HANDLER : OrderRejectedEvent
23-12-2023 22:36:44.515 [EventProcessor[OrderSagaProcessor]-0] INFO  com.order.OrderSaga.handle - Successfully rejected order with id 1c48e71a-3769-4620-b0fe-7996a382b68e
